<?xml version="1.0" encoding="UTF-8"?>
<testsuite name="com.payinvariants.PayInvariantsApplicationTests" tests="1" skipped="0" failures="0" errors="0" timestamp="2026-09-22T15:42:01.788Z" hostname="Ngueros-MacBook-Air.local" time="9.566">
  <properties/>
  <testcase name="contextLoads()" classname="com.payinvariants.PayInvariantsApplicationTests" time="0.263"/>
  <system-out><![CDATA[11:42:01.841 [Test worker] INFO org.springframework.test.context.support.AnnotationConfigContextLoaderUtils -- Could not detect default configuration classes for test class [com.payinvariants.PayInvariantsApplicationTests]: PayInvariantsApplicationTests does not declare any static, non-private, non-final, nested classes annotated with @Configuration.
11:42:01.874 [Test worker] INFO org.springframework.boot.test.context.SpringBootTestContextBootstrapper -- Found @SpringBootConfiguration com.payinvariants.PayInvariantsApplication for test class com.payinvariants.PayInvariantsApplicationTests
11:42:01.895 [Test worker] INFO org.springframework.test.context.support.AnnotationConfigContextLoaderUtils -- Could not detect default configuration classes for test class [com.payinvariants.PayInvariantsApplicationTests]: PayInvariantsApplicationTests does not declare any static, non-private, non-final, nested classes annotated with @Configuration.
11:42:01.897 [Test worker] INFO org.springframework.boot.test.context.SpringBootTestContextBootstrapper -- Found @SpringBootConfiguration com.payinvariants.PayInvariantsApplication for test class com.payinvariants.PayInvariantsApplicationTests

  .   ____          _            __ _ _
 /\\ / ___'_ __ _ _(_)_ __  __ _ \ \ \ \
( ( )\___ | '_ | '_| | '_ \/ _` | \ \ \ \
 \\/  ___)| |_)| | | | | || (_| |  ) ) ) )
  '  |____| .__|_| |_|_| |_\__, | / / / /
 =========|_|==============|___/=/_/_/_/

 :: Spring Boot ::                (v4.1.1)

2026-09-22T11:42:01.993-04:00  INFO 24754 --- [    Test worker] c.p.PayInvariantsApplicationTests        : Starting PayInvariantsApplicationTests using Java 23.0.1 with PID 24754 (started by tabo in /Users/tabo/pay-invariants)
2026-09-22T11:42:01.993-04:00  INFO 24754 --- [    Test worker] c.p.PayInvariantsApplicationTests        : No active profile set, falling back to 1 default profile: "default"
2026-09-22T11:42:02.153-04:00  INFO 24754 --- [    Test worker] .s.d.r.c.RepositoryConfigurationDelegate : Bootstrapping Spring Data JPA repositories in DEFAULT mode.
2026-09-22T11:42:02.159-04:00  INFO 24754 --- [    Test worker] .s.d.r.c.RepositoryConfigurationDelegate : Finished Spring Data repository scanning in 3 ms. Found 0 JPA repository interfaces.
2026-09-22T11:42:02.278-04:00  INFO 24754 --- [    Test worker] org.testcontainers.images.PullPolicy     : Image pull policy will be performed by: DefaultPullPolicy()
2026-09-22T11:42:02.279-04:00  INFO 24754 --- [    Test worker] o.t.utility.ImageNameSubstitutor         : Image name substitution will be performed by: DefaultImageNameSubstitutor (composite of 'ConfigurationFileImageNameSubstitutor' and 'PrefixingImageNameSubstitutor')
2026-09-22T11:42:02.285-04:00  INFO 24754 --- [    Test worker] org.testcontainers.DockerClientFactory   : Testcontainers version: 2.0.5
2026-09-22T11:42:02.505-04:00  INFO 24754 --- [    Test worker] o.t.d.DockerClientProviderStrategy       : Found Docker environment with local Unix socket (unix:///var/run/docker.sock)
2026-09-22T11:42:02.506-04:00  INFO 24754 --- [    Test worker] org.testcontainers.DockerClientFactory   : Docker host IP address is localhost
2026-09-22T11:42:02.518-04:00  INFO 24754 --- [    Test worker] org.testcontainers.DockerClientFactory   : Connected to docker: 
  Server Version: 28.3.2
  API Version: 1.51
  Operating System: Docker Desktop
  Total Memory: 7837 MB
  Labels: 
    com.docker.desktop.address=unix:///Users/tabo/Library/Containers/com.docker.docker/Data/docker-cli.sock
2026-09-22T11:42:02.569-04:00  INFO 24754 --- [    Test worker] tc.testcontainers/ryuk:0.14.0            : Pulling docker image: testcontainers/ryuk:0.14.0. Please be patient; this may take some time but only needs to be done once.
2026-09-22T11:42:02.668-04:00  INFO 24754 --- [    Test worker] o.t.utility.RegistryAuthLocator          : Credential helper/store (docker-credential-desktop) does not have credentials for https://index.docker.io/v1/
2026-09-22T11:42:03.230-04:00  INFO 24754 --- [tream-347378208] tc.testcontainers/ryuk:0.14.0            : Starting to pull image
2026-09-22T11:42:03.246-04:00  INFO 24754 --- [tream-347378208] tc.testcontainers/ryuk:0.14.0            : Pulling image layers:  0 pending,  0 downloaded,  0 extracted, (0 bytes/0 bytes)
2026-09-22T11:42:03.679-04:00  INFO 24754 --- [tream-347378208] tc.testcontainers/ryuk:0.14.0            : Pulling image layers:  1 pending,  1 downloaded,  0 extracted, (0 bytes/? MB)
2026-09-22T11:42:03.780-04:00  INFO 24754 --- [tream-347378208] tc.testcontainers/ryuk:0.14.0            : Pulling image layers:  1 pending,  1 downloaded,  1 extracted, (1 MB/? MB)
2026-09-22T11:42:03.823-04:00  INFO 24754 --- [tream-347378208] tc.testcontainers/ryuk:0.14.0            : Pulling image layers:  0 pending,  2 downloaded,  1 extracted, (1 MB/1 MB)
2026-09-22T11:42:03.824-04:00  INFO 24754 --- [tream-347378208] tc.testcontainers/ryuk:0.14.0            : Pulling image layers:  0 pending,  2 downloaded,  2 extracted, (1 MB/1 MB)
2026-09-22T11:42:03.825-04:00  INFO 24754 --- [    Test worker] tc.testcontainers/ryuk:0.14.0            : Image testcontainers/ryuk:0.14.0 pull took PT1.256032S
2026-09-22T11:42:03.876-04:00  INFO 24754 --- [    Test worker] tc.testcontainers/ryuk:0.14.0            : Creating container for image: testcontainers/ryuk:0.14.0
2026-09-22T11:42:03.935-04:00  INFO 24754 --- [    Test worker] tc.testcontainers/ryuk:0.14.0            : Container testcontainers/ryuk:0.14.0 is starting: 1c050fc645fa6f8f505e678384f07af75765464336f5ffb4e17f2dc828a2f429
2026-09-22T11:42:04.105-04:00  INFO 24754 --- [    Test worker] tc.testcontainers/ryuk:0.14.0            : Container testcontainers/ryuk:0.14.0 started in PT0.22824S
2026-09-22T11:42:04.107-04:00  INFO 24754 --- [    Test worker] o.t.utility.RyukResourceReaper           : Ryuk started - will monitor and terminate Testcontainers containers on JVM exit
2026-09-22T11:42:04.107-04:00  INFO 24754 --- [    Test worker] org.testcontainers.DockerClientFactory   : Checking the system...
2026-09-22T11:42:04.107-04:00  INFO 24754 --- [    Test worker] org.testcontainers.DockerClientFactory   : ✔︎ Docker server version should be at least 1.6.0
2026-09-22T11:42:04.109-04:00  INFO 24754 --- [    Test worker] tc.postgres:latest                       : Pulling docker image: postgres:latest. Please be patient; this may take some time but only needs to be done once.
2026-09-22T11:42:04.547-04:00  INFO 24754 --- [ream-1256579767] tc.postgres:latest                       : Starting to pull image
2026-09-22T11:42:04.548-04:00  INFO 24754 --- [ream-1256579767] tc.postgres:latest                       : Pulling image layers:  0 pending,  0 downloaded,  0 extracted, (0 bytes/0 bytes)
2026-09-22T11:42:05.114-04:00  INFO 24754 --- [ream-1256579767] tc.postgres:latest                       : Pulling image layers: 11 pending,  1 downloaded,  0 extracted, (3 MB/? MB)
2026-09-22T11:42:05.115-04:00  INFO 24754 --- [ream-1256579767] tc.postgres:latest                       : Pulling image layers: 10 pending,  2 downloaded,  0 extracted, (3 MB/? MB)
2026-09-22T11:42:05.115-04:00  INFO 24754 --- [ream-1256579767] tc.postgres:latest                       : Pulling image layers: 10 pending,  2 downloaded,  1 extracted, (3 MB/? MB)
2026-09-22T11:42:05.215-04:00  INFO 24754 --- [ream-1256579767] tc.postgres:latest                       : Pulling image layers:  9 pending,  3 downloaded,  1 extracted, (3 MB/? MB)
2026-09-22T11:42:05.216-04:00  INFO 24754 --- [ream-1256579767] tc.postgres:latest                       : Pulling image layers:  8 pending,  4 downloaded,  1 extracted, (3 MB/? MB)
2026-09-22T11:42:05.216-04:00  INFO 24754 --- [ream-1256579767] tc.postgres:latest                       : Pulling image layers:  7 pending,  5 downloaded,  1 extracted, (4 MB/? MB)
2026-09-22T11:42:05.216-04:00  INFO 24754 --- [ream-1256579767] tc.postgres:latest                       : Pulling image layers:  6 pending,  6 downloaded,  1 extracted, (4 MB/? MB)
2026-09-22T11:42:05.316-04:00  INFO 24754 --- [ream-1256579767] tc.postgres:latest                       : Pulling image layers:  5 pending,  7 downloaded,  1 extracted, (4 MB/? MB)
2026-09-22T11:42:05.316-04:00  INFO 24754 --- [ream-1256579767] tc.postgres:latest                       : Pulling image layers:  4 pending,  8 downloaded,  1 extracted, (4 MB/? MB)
2026-09-22T11:42:05.414-04:00  INFO 24754 --- [ream-1256579767] tc.postgres:latest                       : Pulling image layers:  3 pending,  9 downloaded,  1 extracted, (7 MB/? MB)
2026-09-22T11:42:07.413-04:00  INFO 24754 --- [ream-1256579767] tc.postgres:latest                       : Pulling image layers:  2 pending, 10 downloaded,  1 extracted, (72 MB/? MB)
2026-09-22T11:42:07.516-04:00  INFO 24754 --- [ream-1256579767] tc.postgres:latest                       : Pulling image layers:  2 pending, 10 downloaded,  2 extracted, (81 MB/? MB)
2026-09-22T11:42:07.516-04:00  INFO 24754 --- [ream-1256579767] tc.postgres:latest                       : Pulling image layers:  2 pending, 10 downloaded,  3 extracted, (81 MB/? MB)
2026-09-22T11:42:08.214-04:00  INFO 24754 --- [ream-1256579767] tc.postgres:latest                       : Pulling image layers:  1 pending, 11 downloaded,  3 extracted, (102 MB/? MB)
2026-09-22T11:42:08.317-04:00  INFO 24754 --- [ream-1256579767] tc.postgres:latest                       : Pulling image layers:  1 pending, 11 downloaded,  4 extracted, (107 MB/? MB)
2026-09-22T11:42:08.318-04:00  INFO 24754 --- [ream-1256579767] tc.postgres:latest                       : Pulling image layers:  1 pending, 11 downloaded,  5 extracted, (107 MB/? MB)
2026-09-22T11:42:08.318-04:00  INFO 24754 --- [ream-1256579767] tc.postgres:latest                       : Pulling image layers:  1 pending, 11 downloaded,  6 extracted, (107 MB/? MB)
2026-09-22T11:42:08.318-04:00  INFO 24754 --- [ream-1256579767] tc.postgres:latest                       : Pulling image layers:  1 pending, 11 downloaded,  7 extracted, (107 MB/? MB)
2026-09-22T11:42:08.814-04:00  INFO 24754 --- [ream-1256579767] tc.postgres:latest                       : Pulling image layers:  0 pending, 12 downloaded,  7 extracted, (120 MB/122 MB)
2026-09-22T11:42:09.617-04:00  INFO 24754 --- [ream-1256579767] tc.postgres:latest                       : Pulling image layers:  0 pending, 12 downloaded,  8 extracted, (120 MB/122 MB)
2026-09-22T11:42:09.632-04:00  INFO 24754 --- [ream-1256579767] tc.postgres:latest                       : Pulling image layers:  0 pending, 12 downloaded,  9 extracted, (120 MB/122 MB)
2026-09-22T11:42:09.632-04:00  INFO 24754 --- [ream-1256579767] tc.postgres:latest                       : Pulling image layers:  0 pending, 12 downloaded, 10 extracted, (120 MB/122 MB)
2026-09-22T11:42:09.632-04:00  INFO 24754 --- [ream-1256579767] tc.postgres:latest                       : Pulling image layers:  0 pending, 12 downloaded, 11 extracted, (120 MB/122 MB)
2026-09-22T11:42:09.633-04:00  INFO 24754 --- [ream-1256579767] tc.postgres:latest                       : Pulling image layers:  0 pending, 12 downloaded, 12 extracted, (120 MB/122 MB)
2026-09-22T11:42:09.633-04:00  INFO 24754 --- [ream-1256579767] tc.postgres:latest                       : Pull complete. 12 layers, pulled in 5s (downloaded 120 MB at 24 MB/s)
2026-09-22T11:42:09.633-04:00  INFO 24754 --- [    Test worker] tc.postgres:latest                       : Image postgres:latest pull took PT5.523637S
2026-09-22T11:42:09.663-04:00  INFO 24754 --- [    Test worker] tc.postgres:latest                       : Creating container for image: postgres:latest
2026-09-22T11:42:09.804-04:00  INFO 24754 --- [    Test worker] tc.postgres:latest                       : Container postgres:latest is starting: f00a232dac43862dcece9ba56d2b5981674b45bed93e132ad05c7e74df9eee57
2026-09-22T11:42:10.398-04:00  INFO 24754 --- [    Test worker] tc.postgres:latest                       : Container postgres:latest started in PT0.735131S
2026-09-22T11:42:10.399-04:00  INFO 24754 --- [    Test worker] tc.postgres:latest                       : Container is started (JDBC URL: jdbc:postgresql://localhost:63488/test?loggerLevel=OFF)
2026-09-22T11:42:10.556-04:00  INFO 24754 --- [    Test worker] org.flywaydb.core.FlywayExecutor         : Database: jdbc:postgresql://localhost:63488/test?loggerLevel=OFF (PostgreSQL 18.6)
2026-09-22T11:42:10.574-04:00  INFO 24754 --- [    Test worker] o.f.c.i.s.JdbcTableSchemaHistory         : Schema history table "public"."flyway_schema_history" does not exist yet
2026-09-22T11:42:10.574-04:00  INFO 24754 --- [    Test worker] o.f.core.internal.command.DbValidate     : Successfully validated 0 migrations (execution time 00:00.002s)
2026-09-22T11:42:10.574-04:00  WARN 24754 --- [    Test worker] o.f.core.internal.command.DbValidate     : No migrations found. Are your locations set up correctly?
2026-09-22T11:42:10.582-04:00  INFO 24754 --- [    Test worker] o.f.c.i.s.JdbcTableSchemaHistory         : Creating Schema History table "public"."flyway_schema_history" ...
2026-09-22T11:42:10.604-04:00  INFO 24754 --- [    Test worker] o.f.core.internal.command.DbMigrate      : Current version of schema "public": << Empty Schema >>
2026-09-22T11:42:10.605-04:00  INFO 24754 --- [    Test worker] o.f.core.internal.command.DbMigrate      : Schema "public" is up to date. No migration necessary.
2026-09-22T11:42:10.637-04:00  INFO 24754 --- [    Test worker] org.hibernate.orm.jpa                    : HHH008540: Processing PersistenceUnitInfo [name: default]
2026-09-22T11:42:10.653-04:00  INFO 24754 --- [    Test worker] org.hibernate.orm.core                   : HHH000001: Hibernate ORM core version 7.4.5.Final
2026-09-22T11:42:10.763-04:00  INFO 24754 --- [    Test worker] o.s.o.j.p.SpringPersistenceUnitInfo      : No LoadTimeWeaver setup: ignoring JPA class transformer
2026-09-22T11:42:10.772-04:00  INFO 24754 --- [    Test worker] com.zaxxer.hikari.HikariDataSource       : HikariPool-1 - Starting...
2026-09-22T11:42:10.782-04:00  INFO 24754 --- [    Test worker] com.zaxxer.hikari.pool.HikariPool        : HikariPool-1 - Added connection org.postgresql.jdbc.PgConnection@4981b83
2026-09-22T11:42:10.783-04:00  INFO 24754 --- [    Test worker] com.zaxxer.hikari.HikariDataSource       : HikariPool-1 - Start completed.
2026-09-22T11:42:10.807-04:00  INFO 24754 --- [    Test worker] org.hibernate.orm.connections.pooling    : HHH10001005: Database info:
	Database JDBC URL [jdbc:postgresql://localhost:63488/test?loggerLevel=OFF]
	Database driver: PostgreSQL JDBC Driver
	Database dialect: PostgreSQLDialect
	Database version: 18.6
	Default catalog/schema: test/public
	Autocommit mode: undefined/unknown
	Isolation level: READ_COMMITTED [default READ_COMMITTED]
	JDBC fetch size: none
	Pool: DataSourceConnectionProvider
	Minimum pool size: undefined/unknown
	Maximum pool size: undefined/unknown
2026-09-22T11:42:10.917-04:00  INFO 24754 --- [    Test worker] org.hibernate.orm.core                   : HHH000489: No JTA platform available (set 'hibernate.transaction.jta.platform' to enable JTA platform integration)
2026-09-22T11:42:10.934-04:00  INFO 24754 --- [    Test worker] j.LocalContainerEntityManagerFactoryBean : Initialized JPA EntityManagerFactory for persistence unit 'default'
2026-09-22T11:42:10.963-04:00  WARN 24754 --- [    Test worker] JpaBaseConfiguration$JpaWebConfiguration : spring.jpa.open-in-view is enabled by default. Therefore, database queries may be performed during view rendering. Explicitly configure spring.jpa.open-in-view to disable this warning
2026-09-22T11:42:11.086-04:00  INFO 24754 --- [    Test worker] c.p.PayInvariantsApplicationTests        : Started PayInvariantsApplicationTests in 9.17 seconds (process running for 9.581)
]]></system-out>
  <system-err><![CDATA[Mockito is currently self-attaching to enable the inline-mock-maker. This will no longer work in future releases of the JDK. Please add Mockito as an agent to your build as described in Mockito's documentation: https://javadoc.io/doc/org.mockito/mockito-core/latest/org.mockito/org/mockito/Mockito.html#0.3
WARNING: A Java agent has been loaded dynamically (/Users/tabo/.gradle/caches/modules-2/files-2.1/net.bytebuddy/byte-buddy-agent/1.18.11/82212e5b3633e7a65fca8bec525762cfb6c9bae4/byte-buddy-agent-1.18.11.jar)
WARNING: If a serviceability tool is in use, please run with -XX:+EnableDynamicAgentLoading to hide this warning
WARNING: If a serviceability tool is not in use, please run with -Djdk.instrument.traceUsage for more information
WARNING: Dynamic loading of agents will be disallowed by default in a future release
]]></system-err>
</testsuite>
